生成启动时间为 2018/8/8 9:49:33。
     1>项目“D:\ITE_Castor3_SDK\build\win32\AF\sdk\share\audio_mgr\audio_mgr.vcxproj”在节点 3 上(Build 个目标)。
     1>CustomBuild:
         Building Custom Rule D:/ITE_Castor3_SDK/sdk/share/audio_mgr/CMakeLists.txt
         CMake does not need to re-run because D:\ITE_Castor3_SDK\build\win32\AF\sdk\share\audio_mgr\CMakeFiles\generate.stamp is up-to-date.
       ClCompile:
         C:\Program Files\Microsoft Visual Studio 12.0\VC\bin\CL.exe /c /ID:\ITE_Castor3_SDK\win32\include /ID:\ITE_Castor3_SDK\sdk\include /ID:\ITE_Castor3_SDK\build\win32\AF\win32\include /ID:\ITE_Castor3_SDK\sdk\driver /ID:\ITE_Castor3_SDK\sdk\share\audio_mgr /ID:\ITE_Castor3_SDK\sdk\share\ffmpeg /Zi /nologo /W3 /WX- /MP4 /Od /Ob0 /Oy- /D WIN32 /D _WINDOWS /D _DEBUG /D CFG_CHIP_PKG_IT9079 /D CFG_OSC_CLK=30000000 /D CFG_RTC_EXTCLK=30000000 /D CFG_CHIP_FAMILY=9070 /D CFG_RAM_SIZE=0x1000000 /D CFG_WATCHDOG_ENABLE /D CFG_WATCHDOG_TIMEOUT=10 /D CFG_WATCHDOG_REFRESH_INTERVAL=1 /D CFG_MEMDBG_ENABLE /D CFG_WT_SIZE=0 /D CFG_LCD_ENABLE /D CFG_LCD_WIDTH=320 /D CFG_LCD_HEIGHT=240 /D CFG_LCD_PITCH=640 /D CFG_LCD_BPP=2 /D CFG_LCD_TRIPLE_BUFFER /D CFG_BACKLIGHT_ENABLE /D CFG_BACKLIGHT_FREQ=1000 /D "CFG_BACKLIGHT_DUTY_CYCLES=95, 92, 88, 82, 75, 65, 55, 40, 25, 5" /D CFG_BACKLIGHT_DEFAULT_DUTY_CYCLE=5 /D CFG_BACKLIGHT_BOOTLODER_DELAY=83 /D CFG_CMDQ_ENABLE /D CFG_CMDQ_SIZE=0x40000 /D "CFG_FONT_FILENAME=\"wqyMicroHeiProportional.ttf\"" /D CFG_AUDIO_ENABLE /D AUDIO_PLUGIN_MESSAGE_QUEUE /D ENABLE_CODECS_PLUGIN /D CONFIG_ITADRIVER /D CFG_AUDIO_SAMPLING_RATE=8000 /D CFG_AEC_DELAY_MS=60 /D CFG_SPEAKER_GAIN=0 /D CFG_MIC_GAIN=0 /D CFG_NOISE_GATE_THRESHOLD=0.3 /D CFG_EQUALIZER_SPKGAIN_SET=NULL /D CFG_EQUALIZER_MICGAIN_SET=NULL /D CFG_BUILD_ITU /D CFG_SD0_ENABLE /D CFG_FS_FAT /D "CFG_PRIVATE_DRIVE=\"A\"" /D "CFG_PUBLIC_DRIVE=\"B\"" /D "CFG_TEMP_DRIVE=\"T\"" /D CFG_RTC_DEFAULT_TIMESTAMP=1325376000 /D CFG_I2C0_ENABLE /D CFG_HW_I2C_ENABLE /D CFG_SPI0_ENABLE /D CFG_SPI0_MOSI_GPIO= /D CFG_SPI0_MISO_GPIO= /D CFG_SPI0_CLOCK_GPIO= /D CFG_SPI0_CHIP_SEL_GPIO= /D CFG_I2S_ENABLE /D CFG_I2S_OUTPUT_PIN_ENABLE /D CFG_DAC_port_I2C0 /D CFG_SPI_ENABLE /D CFG_UART1_ENABLE /D CFG_UART1_BAUDRATE=115200 /D CFG_UART_INTR /D CFG_UART_BUF_SIZE=1024 /D CFG_TOUCH_ENABLE /D CFG_TOUCH_MODULE_COUNT=1 /D CFG_TOUCH_I2C0 /D CFG_TOUCH_CAPACITIVE /D CFG_TOUCH_X_MAX_VALUE=0xFF /D CFG_TOUCH_Y_MAX_VALUE=0xFF /D CFG_FFMPEG_H264_SW /D "CFG_GPIO_SD0_CARD_DETECT=-1" /D "CFG_GPIO_SD0_POWER_ENABLE=-1" /D "CFG_GPIO_SD0_WRITE_PROTECT=-1" /D CFG_GPIO_BACKLIGHT_PWM=4 /D CFG_GPIO_UART1_TX=25 /D CFG_GPIO_UART1_RX=14 /D CFG_GPIO_TOUCH_INT=44 /D CFG_GPIO_TOUCH_WAKE=45 /D "CFG_GPIO_TOUCH_RESET=-1" /D "CFG_GPIO_ETHERNET_LINK=-1" /D CFG_IIC0_GPIO_CONFIG_2=y /D "CFG_NET_ETHERNET_PHY_ADDR=-1" /D CFG_NET_ETHERNET_COUNT=1 /D CFG_DBG_PRINTBUF_SIZE=0 /D CFG_DBG_UART1 /D "CFG_UPGRADE_FILENAME=\"ITEPKG03.PKG\"" /D "CFG_UPGRADE_FILENAME_LIST=\"ITEPKG03.PKG\"" /D CFG_UPGRADE_ENC_KEY=0 /D CFG_BUILD_AUDIO_MGR /D CFG_NORMAL_BUFFER_MODE /D CFG_BUILD_DEBUG /D CFG_VERSION_MAJOR=2 /D CFG_VERSION_MINOR=2 /D CFG_VERSION_PATCH=8 /D CFG_VERSION_CUSTOM=0 /D CFG_VERSION_TWEAK= /D "CFG_VERSION_MAJOR_STR=\"2\"" /D "CFG_VERSION_MINOR_STR=\"2\"" /D "CFG_VERSION_PATCH_STR=\"8\"" /D "CFG_VERSION_CUSTOM_STR=\"0\"" /D "CFG_VERSION_TWEAK_STR=\"\"" /D "CFG_SYSTEM_NAME=\"ITE Display Control Board\"" /D "CFG_MANUFACTURER=\"www.ite.com.tw\"" /D "CFG_PROJECT_NAME=\"AF\"" /D _ALLOW_KEYWORD_MACROS /D _CRT_SECURE_NO_WARNINGS /D _POSIX_PRIORITY_SCHEDULING=1 /D _SCL_SECURE_NO_WARNINGS /D _USE_MATH_DEFINES /D CURL_STATICLIB /D EGLAPI= /D EGLAPIENTRY= /D LIBXML_STATIC /D NOMINMAX /D OPENVG_STATIC_LIBRARY /D ORTP_STATIC /D OSIP_MT /D PTW32_STATIC_LIB /D UPNP_STATIC_LIB /D _CRTDBG_MAP_ALLOC /D ENABLE_TRACE /D CFG_WIN32_SIMULATOR /D "CMAKE_INTDIR=\"Debug\"" /D _USING_V110_SDK71_ /D _MBCS /Gm- /RTC1 /MTd /GS /fp:precise /Zc:wchar_t /Zc:forScope /Fo"audio_mgr.dir\Debug\\" /Fd"audio_mgr.dir\Debug\vc120.pdb" /Gd /TC /analyze- /errorReport:prompt D:\ITE_Castor3_SDK\sdk\share\audio_mgr\audio_mgr.c D:\ITE_Castor3_SDK\sdk\share\audio_mgr\metadata.c D:\ITE_Castor3_SDK\sdk\share\audio_mgr\lrc.c D:\ITE_Castor3_SDK\sdk\share\audio_mgr\resample_main.c D:\ITE_Castor3_SDK\sdk\share\audio_mgr\resample2.c D:\ITE_Castor3_SDK\sdk\share\audio_mgr\wavfilefmt.c D:\ITE_Castor3_SDK\sdk\share\audio_mgr\autoCheckEncode.c D:\ITE_Castor3_SDK\sdk\share\audio_mgr\flac\flacparsing.c D:\ITE_Castor3_SDK\sdk\share\audio_mgr\audioRecord.c D:\ITE_Castor3_SDK\sdk\share\audio_mgr\Parsing.c
         audio_mgr.c
         metadata.c
         lrc.c
         resample_main.c
     1>D:\ITE_Castor3_SDK\sdk\share\audio_mgr\resample_main.c(1080): warning C4098: “smtkAudioMgrInterruptSoundSetRemoveCard”:“void”函数返回值
     1>D:\ITE_Castor3_SDK\sdk\share\audio_mgr\resample_main.c(1087): warning C4098: “smtkAudioMgrSetInterruptOverwriteStatus”:“void”函数返回值
         resample2.c
     1>d:\ite_castor3_sdk\sdk\share\audio_mgr\audio_mgr.h(172): warning C4005: “MMP_WCHAR”: 宏重定义 (D:\ITE_Castor3_SDK\sdk\share\audio_mgr\metadata.c)
                 d:\ite_castor3_sdk\sdk\share\audio_mgr\sxa_dmx/sxa_dmx.h(45) : 参见“MMP_WCHAR”的前一个定义
     1>D:\ITE_Castor3_SDK\sdk\share\audio_mgr\metadata.c(97): warning C4013: “memcmp”未定义；假设外部返回 int
     1>d:\ite_castor3_sdk\sdk\share\audio_mgr\audio_mgr.h(172): warning C4005: “MMP_WCHAR”: 宏重定义 (D:\ITE_Castor3_SDK\sdk\share\audio_mgr\audio_mgr.c)
                 d:\ite_castor3_sdk\sdk\share\audio_mgr\sxa_dmx/sxa_dmx.h(45) : 参见“MMP_WCHAR”的前一个定义
     1>D:\ITE_Castor3_SDK\sdk\share\audio_mgr\metadata.c(121): warning C4101: “c”: 未引用的局部变量
     1>D:\ITE_Castor3_SDK\sdk\share\audio_mgr\metadata.c(203): warning C4013: “strcpy”未定义；假设外部返回 int
     1>D:\ITE_Castor3_SDK\sdk\share\audio_mgr\metadata.c(398): warning C4013: “memset”未定义；假设外部返回 int
     1>D:\ITE_Castor3_SDK\sdk\share\audio_mgr\metadata.c(405): warning C4013: “strlen”未定义；假设外部返回 int
     1>D:\ITE_Castor3_SDK\sdk\share\audio_mgr\metadata.c(1042): warning C4013: “AudioPrintf”未定义；假设外部返回 int
     1>D:\ITE_Castor3_SDK\sdk\share\audio_mgr\metadata.c(1044): warning C4013: “smtkFontMgrEncodingConverter”未定义；假设外部返回 int
     1>D:\ITE_Castor3_SDK\sdk\share\audio_mgr\metadata.c(984): warning C4101: “nTemp1”: 未引用的局部变量
     1>D:\ITE_Castor3_SDK\sdk\share\audio_mgr\metadata.c(981): warning C4101: “i”: 未引用的局部变量
     1>D:\ITE_Castor3_SDK\sdk\share\audio_mgr\metadata.c(984): warning C4101: “nTemp”: 未引用的局部变量
     1>D:\ITE_Castor3_SDK\sdk\share\audio_mgr\metadata.c(983): warning C4101: “nResult”: 未引用的局部变量
     1>D:\ITE_Castor3_SDK\sdk\share\audio_mgr\audio_mgr.c(395): warning C4101: “result”: 未引用的局部变量
     1>D:\ITE_Castor3_SDK\sdk\share\audio_mgr\audio_mgr.c(402): warning C4101: “result”: 未引用的局部变量
     1>D:\ITE_Castor3_SDK\sdk\share\audio_mgr\audio_mgr.c(427): warning C4013: “usleep”未定义；假设外部返回 int
     1>D:\ITE_Castor3_SDK\sdk\share\audio_mgr\audio_mgr.c(504): warning C4101: “result”: 未引用的局部变量
         wavfilefmt.c
     1>D:\ITE_Castor3_SDK\sdk\share\audio_mgr\metadata.c(1698): warning C4018: “<”: 有符号/无符号不匹配
     1>D:\ITE_Castor3_SDK\sdk\share\audio_mgr\audio_mgr.c(595): warning C4101: “nResult”: 未引用的局部变量
     1>d:\ite_castor3_sdk\sdk\share\audio_mgr\audio_mgr.h(172): warning C4005: “MMP_WCHAR”: 宏重定义 (D:\ITE_Castor3_SDK\sdk\share\audio_mgr\lrc.c)
                 d:\ite_castor3_sdk\sdk\share\audio_mgr\sxa_dmx/sxa_dmx.h(45) : 参见“MMP_WCHAR”的前一个定义
     1>D:\ITE_Castor3_SDK\sdk\share\audio_mgr\audio_mgr.c(719): warning C4101: “tv”: 未引用的局部变量
     1>D:\ITE_Castor3_SDK\sdk\share\audio_mgr\audio_mgr.c(720): warning C4101: “stv”: 未引用的局部变量
     1>D:\ITE_Castor3_SDK\sdk\share\audio_mgr\audio_mgr.c(1201): warning C4102: “GetBuffer”: 未引用的标签
     1>D:\ITE_Castor3_SDK\sdk\share\audio_mgr\audio_mgr.c(1188): warning C4102: “AudioPause”: 未引用的标签
     1>D:\ITE_Castor3_SDK\sdk\share\audio_mgr\audio_mgr.c(1094): warning C4102: “ReadData”: 未引用的标签
     1>D:\ITE_Castor3_SDK\sdk\share\audio_mgr\audio_mgr.c(1017): warning C4101: “space”: 未引用的局部变量
     1>D:\ITE_Castor3_SDK\sdk\share\audio_mgr\metadata.c(1857): warning C4013: “strcmp”未定义；假设外部返回 int
     1>D:\ITE_Castor3_SDK\sdk\share\audio_mgr\audio_mgr.c(1018): warning C4101: “tv”: 未引用的局部变量
     1>D:\ITE_Castor3_SDK\sdk\share\audio_mgr\metadata.c(1899): warning C4013: “AnalyzeGB2312”未定义；假设外部返回 int
     1>D:\ITE_Castor3_SDK\sdk\share\audio_mgr\metadata.c(1920): warning C4133: “函数”: 从“unsigned char [512]”到“unsigned short *”的类型不兼容
     1>D:\ITE_Castor3_SDK\sdk\share\audio_mgr\metadata.c(1964): warning C4133: “函数”: 从“unsigned char [512]”到“unsigned short *”的类型不兼容
     1>D:\ITE_Castor3_SDK\sdk\share\audio_mgr\audio_mgr.c(1019): warning C4101: “stv”: 未引用的局部变量
     1>D:\ITE_Castor3_SDK\sdk\share\audio_mgr\audio_mgr.c(1046): warning C4101: “nTmp”: 未引用的局部变量
     1>D:\ITE_Castor3_SDK\sdk\share\audio_mgr\metadata.c(1676): warning C4101: “nSize”: 未引用的局部变量
     1>D:\ITE_Castor3_SDK\sdk\share\audio_mgr\metadata.c(2182): warning C4133: “函数”: 从“wchar_t *”到“unsigned int *”的类型不兼容
     1>D:\ITE_Castor3_SDK\sdk\share\audio_mgr\metadata.c(2187): warning C4133: “函数”: 从“wchar_t *”到“unsigned int *”的类型不兼容
     1>D:\ITE_Castor3_SDK\sdk\share\audio_mgr\metadata.c(2192): warning C4133: “函数”: 从“wchar_t *”到“unsigned int *”的类型不兼容
     1>D:\ITE_Castor3_SDK\sdk\share\audio_mgr\metadata.c(2110): warning C4101: “nFileSize”: 未引用的局部变量
     1>D:\ITE_Castor3_SDK\sdk\share\audio_mgr\audio_mgr.c(1047): warning C4101: “reg”: 未引用的局部变量
     1>D:\ITE_Castor3_SDK\sdk\share\audio_mgr\audio_mgr.c(1047): warning C4101: “reg1”: 未引用的局部变量
     1>D:\ITE_Castor3_SDK\sdk\share\audio_mgr\audio_mgr.c(1640): warning C4013: “ioctl”未定义；假设外部返回 int
     1>D:\ITE_Castor3_SDK\sdk\share\audio_mgr\audio_mgr.c(1670): warning C4101: “i”: 未引用的局部变量
     1>D:\ITE_Castor3_SDK\sdk\share\audio_mgr\audio_mgr.c(1676): warning C4101: “attr2”: 未引用的局部变量
     1>D:\ITE_Castor3_SDK\sdk\share\audio_mgr\audio_mgr.c(1675): warning C4101: “task2”: 未引用的局部变量
     1>D:\ITE_Castor3_SDK\sdk\share\audio_mgr\audio_mgr.c(1860): warning C4101: “i”: 未引用的局部变量
     1>D:\ITE_Castor3_SDK\sdk\share\audio_mgr\audio_mgr.c(2006): warning C4550: 表达式计算为缺少参数列表的函数
     1>D:\ITE_Castor3_SDK\sdk\share\audio_mgr\audio_mgr.c(2050): warning C4013: “iteAudioSetMusicWithoutASFHeader”未定义；假设外部返回 int
     1>D:\ITE_Castor3_SDK\sdk\share\audio_mgr\audio_mgr.c(1904): warning C4101: “attr”: 未引用的局部变量
     1>D:\ITE_Castor3_SDK\sdk\share\audio_mgr\audio_mgr.c(1908): warning C4101: “attr2”: 未引用的局部变量
     1>D:\ITE_Castor3_SDK\sdk\share\audio_mgr\audio_mgr.c(1903): warning C4101: “task”: 未引用的局部变量
     1>D:\ITE_Castor3_SDK\sdk\share\audio_mgr\audio_mgr.c(1901): warning C4101: “tWavInfo”: 未引用的局部变量
     1>D:\ITE_Castor3_SDK\sdk\share\audio_mgr\audio_mgr.c(1907): warning C4101: “task2”: 未引用的局部变量
     1>D:\ITE_Castor3_SDK\sdk\share\audio_mgr\audio_mgr.c(2390): warning C4033: “smtkAudioMgrStop”必须返回值
     1>D:\ITE_Castor3_SDK\sdk\share\audio_mgr\audio_mgr.c(2546): warning C4101: “nRange”: 未引用的局部变量
     1>D:\ITE_Castor3_SDK\sdk\share\audio_mgr\audio_mgr.c(2545): warning C4101: “cNormal”: 未引用的局部变量
     1>D:\ITE_Castor3_SDK\sdk\share\audio_mgr\audio_mgr.c(2545): warning C4101: “cMin”: 未引用的局部变量
     1>D:\ITE_Castor3_SDK\sdk\share\audio_mgr\audio_mgr.c(2545): warning C4101: “cMax”: 未引用的局部变量
     1>D:\ITE_Castor3_SDK\sdk\share\audio_mgr\audio_mgr.c(2545): warning C4101: “cVolume”: 未引用的局部变量
     1>D:\ITE_Castor3_SDK\sdk\share\audio_mgr\audio_mgr.c(2770): warning C4101: “nResult”: 未引用的局部变量
     1>D:\ITE_Castor3_SDK\sdk\share\audio_mgr\audio_mgr.c(2894): warning C4101: “length”: 未引用的局部变量
     1>D:\ITE_Castor3_SDK\sdk\share\audio_mgr\audio_mgr.c(3023): warning C4133: “函数”: 从“wchar_t *”到“ucs4_t *”的类型不兼容
     1>D:\ITE_Castor3_SDK\sdk\share\audio_mgr\audio_mgr.c(3059): warning C4047: “return”:“int *”与“int (__cdecl *)(int)”的间接级别不同
     1>D:\ITE_Castor3_SDK\sdk\share\audio_mgr\audio_mgr.c(3065): warning C4047: “=”:“int (__cdecl *)(int)”与“int *”的间接级别不同
     1>D:\ITE_Castor3_SDK\sdk\share\audio_mgr\audio_mgr.c(3182): warning C4101: “i”: 未引用的局部变量
     1>D:\ITE_Castor3_SDK\sdk\share\audio_mgr\audio_mgr.c(4092): warning C4013: “findFLACFrame”未定义；假设外部返回 int
     1>D:\ITE_Castor3_SDK\sdk\share\audio_mgr\audio_mgr.c(4145): warning C4101: “i”: 未引用的局部变量
     1>D:\ITE_Castor3_SDK\sdk\share\audio_mgr\audio_mgr.c(4446): warning C4133: “函数”: 从“char *”到“short *”的类型不兼容
     1>D:\ITE_Castor3_SDK\sdk\share\audio_mgr\audio_mgr.c(4471): warning C4101: “res”: 未引用的局部变量
     1>D:\ITE_Castor3_SDK\sdk\share\audio_mgr\audio_mgr.c(4468): warning C4101: “i”: 未引用的局部变量
     1>D:\ITE_Castor3_SDK\sdk\share\audio_mgr\audio_mgr.c(4466): warning C4101: “tmp”: 未引用的局部变量
     1>D:\ITE_Castor3_SDK\sdk\share\audio_mgr\audio_mgr.c(4467): warning C4101: “nTemp”: 未引用的局部变量
     1>D:\ITE_Castor3_SDK\sdk\share\audio_mgr\audio_mgr.c(4470): warning C4101: “ptBuf”: 未引用的局部变量
     1>D:\ITE_Castor3_SDK\sdk\share\audio_mgr\audio_mgr.c(4468): warning C4101: “j”: 未引用的局部变量
     1>D:\ITE_Castor3_SDK\sdk\share\audio_mgr\audio_mgr.c(4642): warning C4101: “nChannels”: 未引用的局部变量
     1>D:\ITE_Castor3_SDK\sdk\share\audio_mgr\audio_mgr.c(4644): warning C4101: “nBufferLength”: 未引用的局部变量
     1>D:\ITE_Castor3_SDK\sdk\share\audio_mgr\audio_mgr.c(4641): warning C4101: “I2SBuf”: 未引用的局部变量
     1>D:\ITE_Castor3_SDK\sdk\share\audio_mgr\audio_mgr.c(4648): warning C4101: “spec”: 未引用的局部变量
     1>D:\ITE_Castor3_SDK\sdk\share\audio_mgr\audio_mgr.c(4647): warning C4101: “nLength”: 未引用的局部变量
     1>D:\ITE_Castor3_SDK\sdk\share\audio_mgr\audio_mgr.c(4643): warning C4101: “nSampeRate”: 未引用的局部变量
     1>D:\ITE_Castor3_SDK\sdk\share\audio_mgr\audio_mgr.c(4646): warning C4101: “pBuf”: 未引用的局部变量
         autoCheckEncode.c
         flacparsing.c
         audioRecord.c
     1>D:\ITE_Castor3_SDK\sdk\share\audio_mgr\autoCheckEncode.c(23): warning C4101: “total”: 未引用的局部变量
     1>D:\ITE_Castor3_SDK\sdk\share\audio_mgr\autoCheckEncode.c(49): warning C4013: “memset”未定义；假设外部返回 int
     1>C:/Program Files/Microsoft Visual Studio 12.0/VC/include/limits.h(40): warning C4005: “INT_MAX”: 宏重定义 (D:\ITE_Castor3_SDK\sdk\share\audio_mgr\flac\flacparsing.c)
                 d:\ite_castor3_sdk\sdk\share\audio_mgr\flac\config.h(31) : 参见“INT_MAX”的前一个定义
     1>d:\ite_castor3_sdk\sdk\share\audio_mgr\audio_mgr.c(2368): warning C4715: “smtkAudioMgrQuickStop”: 不是所有的控件路径都返回值
     1>d:\ite_castor3_sdk\sdk\share\audio_mgr\audio_mgr.c(2498): warning C4715: “smtkAudioMgrStop”: 不是所有的控件路径都返回值
     1>d:\ite_castor3_sdk\sdk\share\audio_mgr\audio_mgr.c(2748): warning C4716: “smtkAudioMgrPauseSpectrum”: 必须返回一个值
     1>d:\ite_castor3_sdk\sdk\share\audio_mgr\audio_mgr.c(2943): warning C4716: “smtkAudioMgrSetI2sPostpone”: 必须返回一个值
     1>d:\ite_castor3_sdk\sdk\share\audio_mgr\audio_mgr.c(3066): warning C4716: “smtkAudioMgrSetCallbackFunction”: 必须返回一个值
     1>d:\ite_castor3_sdk\sdk\share\audio_mgr\audio_mgr.c(3081): warning C4716: “smtkAudioMgrGetStop”: 必须返回一个值
     1>d:\ite_castor3_sdk\sdk\share\audio_mgr\flac\get_bits.h(365): warning C4018: “<=”: 有符号/无符号不匹配 (D:\ITE_Castor3_SDK\sdk\share\audio_mgr\flac\flacparsing.c)
     1>D:\ITE_Castor3_SDK\sdk\share\audio_mgr\flac\flacparsing.c(29): warning C4005: “AV_RB32”: 宏重定义
                 d:\ite_castor3_sdk\sdk\share\audio_mgr\flac\get_bits.h(111) : 参见“AV_RB32”的前一个定义
     1>D:\ITE_Castor3_SDK\sdk\share\audio_mgr\flac\flacparsing.c(53): warning C4013: “flac_decode_frame_header”未定义；假设外部返回 int
     1>D:\ITE_Castor3_SDK\sdk\share\audio_mgr\flac\flacparsing.c(62): warning C4101: “frame_or_sample_num”: 未引用的局部变量
     1>D:\ITE_Castor3_SDK\sdk\share\audio_mgr\flac\flacparsing.c(174): warning C4018: “<”: 有符号/无符号不匹配
     1>D:\ITE_Castor3_SDK\sdk\share\audio_mgr\flac\flacparsing.c(157): warning C4101: “frameLength”: 未引用的局部变量
     1>D:\ITE_Castor3_SDK\sdk\share\audio_mgr\flac\flacparsing.c(158): warning C4101: “keep”: 未引用的局部变量
         Parsing.c
     1>d:\ite_castor3_sdk\sdk\share\audio_mgr\audio_mgr.h(172): warning C4005: “MMP_WCHAR”: 宏重定义 (D:\ITE_Castor3_SDK\sdk\share\audio_mgr\audioRecord.c)
                 d:\ite_castor3_sdk\sdk\share\audio_mgr\sxa_dmx/sxa_dmx.h(45) : 参见“MMP_WCHAR”的前一个定义
     1>D:\ITE_Castor3_SDK\sdk\share\audio_mgr\audioRecord.c(104): warning C4013: “memset”未定义；假设外部返回 int
     1>D:\ITE_Castor3_SDK\sdk\share\audio_mgr\audioRecord.c(361): warning C4090: “初始化”: 不同的“const”限定符
     1>D:\ITE_Castor3_SDK\sdk\share\audio_mgr\audioRecord.c(588): warning C4013: “usleep”未定义；假设外部返回 int
     1>D:\ITE_Castor3_SDK\sdk\share\audio_mgr\audioRecord.c(674): warning C4102: “end”: 未引用的标签
     1>D:\ITE_Castor3_SDK\sdk\share\audio_mgr\audioRecord.c(695): warning C4101: “i”: 未引用的局部变量
     1>D:\ITE_Castor3_SDK\sdk\share\audio_mgr\audioRecord.c(913): warning C4133: “函数”: 从“char *”到“wchar_t *”的类型不兼容
     1>D:\ITE_Castor3_SDK\sdk\share\audio_mgr\audioRecord.c(913): warning C4133: “函数”: 从“char *”到“const wchar_t *”的类型不兼容
     1>D:\ITE_Castor3_SDK\sdk\share\audio_mgr\audioRecord.c(915): warning C4133: “函数”: 从“char *”到“const wchar_t *”的类型不兼容
     1>D:\ITE_Castor3_SDK\sdk\share\audio_mgr\audioRecord.c(961): warning C4101: “i”: 未引用的局部变量
     1>D:\ITE_Castor3_SDK\sdk\share\audio_mgr\audioRecord.c(1014): warning C4101: “i”: 未引用的局部变量
     1>D:\ITE_Castor3_SDK\sdk\share\audio_mgr\audioRecord.c(1036): warning C4101: “i”: 未引用的局部变量
     1>d:\ite_castor3_sdk\sdk\share\audio_mgr\audiorecord.c(929): warning C4700: 使用了未初始化的局部变量“nSampleRate”
     1>d:\ite_castor3_sdk\sdk\share\audio_mgr\audiorecord.c(125): warning C4716: “AudioRecordInitAdc”: 必须返回一个值
     1>d:\ite_castor3_sdk\sdk\share\audio_mgr\audiorecord.c(151): warning C4716: “AudioRecordGetI2sData”: 必须返回一个值
       Lib:
         C:\Program Files\Microsoft Visual Studio 12.0\VC\bin\Lib.exe /OUT:"D:\ITE_Castor3_SDK\build\win32\AF\lib\Debug\audio_mgr.lib" /NOLOGO audio_mgr.dir\Debug\audio_mgr.obj
         audio_mgr.dir\Debug\metadata.obj
         audio_mgr.dir\Debug\lrc.obj
         audio_mgr.dir\Debug\resample_main.obj
         audio_mgr.dir\Debug\resample2.obj
         audio_mgr.dir\Debug\wavfilefmt.obj
         audio_mgr.dir\Debug\autoCheckEncode.obj
         audio_mgr.dir\Debug\flacparsing.obj
         audio_mgr.dir\Debug\audioRecord.obj
         audio_mgr.dir\Debug\Parsing.obj
         audio_mgr.vcxproj -> D:\ITE_Castor3_SDK\build\win32\AF\lib\Debug\audio_mgr.lib
     1>已完成生成项目“D:\ITE_Castor3_SDK\build\win32\AF\sdk\share\audio_mgr\audio_mgr.vcxproj”(Build 个目标)的操作。

生成成功。

已用时间 00:00:03.57
