生成启动时间为 2018/8/8 9:49:31。
     1>项目“D:\ITE_Castor3_SDK\build\win32\AF\ZERO_CHECK.vcxproj”在节点 2 上(Build 个目标)。
     1>CustomBuild:
         Checking Build System
         CMake does not need to re-run because D:/ITE_Castor3_SDK/build/win32/AF/CMakeFiles/generate.stamp is up-to-date.
         CMake does not need to re-run because D:/ITE_Castor3_SDK/build/win32/AF/sdk/CMakeFiles/generate.stamp is up-to-date.
         CMake does not need to re-run because D:/ITE_Castor3_SDK/build/win32/AF/sdk/driver/CMakeFiles/generate.stamp is up-to-date.
         CMake does not need to re-run because D:/ITE_Castor3_SDK/build/win32/AF/sdk/driver/audio/CMakeFiles/generate.stamp is up-to-date.
         CMake does not need to re-run because D:/ITE_Castor3_SDK/build/win32/AF/sdk/driver/bt/CMakeFiles/generate.stamp is up-to-date.
         CMake does not need to re-run because D:/ITE_Castor3_SDK/build/win32/AF/sdk/driver/i2s/CMakeFiles/generate.stamp is up-to-date.
         CMake does not need to re-run because D:/ITE_Castor3_SDK/build/win32/AF/sdk/driver/iic/CMakeFiles/generate.stamp is up-to-date.
         CMake does not need to re-run because D:/ITE_Castor3_SDK/build/win32/AF/sdk/driver/ith/CMakeFiles/generate.stamp is up-to-date.
         CMake does not need to re-run because D:/ITE_Castor3_SDK/build/win32/AF/sdk/driver/itp/CMakeFiles/generate.stamp is up-to-date.
         CMake does not need to re-run because D:/ITE_Castor3_SDK/build/win32/AF/sdk/driver/risc/CMakeFiles/generate.stamp is up-to-date.
         CMake does not need to re-run because D:/ITE_Castor3_SDK/build/win32/AF/sdk/driver/sd/CMakeFiles/generate.stamp is up-to-date.
         CMake does not need to re-run because D:/ITE_Castor3_SDK/build/win32/AF/sdk/driver/spi/CMakeFiles/generate.stamp is up-to-date.
         CMake does not need to re-run because D:/ITE_Castor3_SDK/build/win32/AF/sdk/share/CMakeFiles/generate.stamp is up-to-date.
         CMake does not need to re-run because D:/ITE_Castor3_SDK/build/win32/AF/sdk/share/audio_mgr/CMakeFiles/generate.stamp is up-to-date.
         CMake does not need to re-run because D:/ITE_Castor3_SDK/build/win32/AF/sdk/share/fat/CMakeFiles/generate.stamp is up-to-date.
         CMake does not need to re-run because D:/ITE_Castor3_SDK/build/win32/AF/sdk/share/freetype/CMakeFiles/generate.stamp is up-to-date.
         CMake does not need to re-run because D:/ITE_Castor3_SDK/build/win32/AF/sdk/share/iniparser/CMakeFiles/generate.stamp is up-to-date.
         CMake does not need to re-run because D:/ITE_Castor3_SDK/build/win32/AF/sdk/share/itc/CMakeFiles/generate.stamp is up-to-date.
         CMake does not need to re-run because D:/ITE_Castor3_SDK/build/win32/AF/sdk/share/itu/CMakeFiles/generate.stamp is up-to-date.
         CMake does not need to re-run because D:/ITE_Castor3_SDK/build/win32/AF/sdk/share/jpeg/CMakeFiles/generate.stamp is up-to-date.
         CMake does not need to re-run because D:/ITE_Castor3_SDK/build/win32/AF/sdk/share/png/CMakeFiles/generate.stamp is up-to-date.
         CMake does not need to re-run because D:/ITE_Castor3_SDK/build/win32/AF/sdk/share/pyinput/CMakeFiles/generate.stamp is up-to-date.
         CMake does not need to re-run because D:/ITE_Castor3_SDK/build/win32/AF/sdk/share/redblack/CMakeFiles/generate.stamp is up-to-date.
         CMake does not need to re-run because D:/ITE_Castor3_SDK/build/win32/AF/sdk/share/sdl/CMakeFiles/generate.stamp is up-to-date.
         CMake does not need to re-run because D:/ITE_Castor3_SDK/build/win32/AF/sdk/share/tslib/CMakeFiles/generate.stamp is up-to-date.
         CMake does not need to re-run because D:/ITE_Castor3_SDK/build/win32/AF/sdk/share/ucl/CMakeFiles/generate.stamp is up-to-date.
         CMake does not need to re-run because D:/ITE_Castor3_SDK/build/win32/AF/sdk/share/upgrade/CMakeFiles/generate.stamp is up-to-date.
         CMake does not need to re-run because D:/ITE_Castor3_SDK/build/win32/AF/sdk/share/zlib/CMakeFiles/generate.stamp is up-to-date.
         CMake does not need to re-run because D:/ITE_Castor3_SDK/build/win32/AF/win32/CMakeFiles/generate.stamp is up-to-date.
         CMake does not need to re-run because D:/ITE_Castor3_SDK/build/win32/AF/win32/boot/CMakeFiles/generate.stamp is up-to-date.
         CMake does not need to re-run because D:/ITE_Castor3_SDK/build/win32/AF/win32/ptw32/CMakeFiles/generate.stamp is up-to-date.
         CMake does not need to re-run because D:/ITE_Castor3_SDK/build/win32/AF/project/CMakeFiles/generate.stamp is up-to-date.
         CMake does not need to re-run because D:/ITE_Castor3_SDK/build/win32/AF/project/AF/CMakeFiles/generate.stamp is up-to-date.
     1>已完成生成项目“D:\ITE_Castor3_SDK\build\win32\AF\ZERO_CHECK.vcxproj”(Build 个目标)的操作。

生成成功。

已用时间 00:00:01.03
