生成启动时间为 2018/8/8 9:50:04。
     1>项目“D:\ITE_Castor3_SDK\build\win32\AF\sdk\share\upgrade\upgrade.vcxproj”在节点 5 上(Build 个目标)。
     1>CustomBuild:
         Building Custom Rule D:/ITE_Castor3_SDK/sdk/share/upgrade/CMakeLists.txt
         CMake does not need to re-run because D:\ITE_Castor3_SDK\build\win32\AF\sdk\share\upgrade\CMakeFiles\generate.stamp is up-to-date.
       ClCompile:
         C:\Program Files\Microsoft Visual Studio 12.0\VC\bin\CL.exe /c /ID:\ITE_Castor3_SDK\win32\include /ID:\ITE_Castor3_SDK\sdk\include /ID:\ITE_Castor3_SDK\build\win32\AF\win32\include /Zi /nologo /W3 /WX- /MP4 /Od /Ob0 /Oy- /D WIN32 /D _WINDOWS /D _DEBUG /D CFG_CHIP_PKG_IT9079 /D CFG_OSC_CLK=30000000 /D CFG_RTC_EXTCLK=30000000 /D CFG_CHIP_FAMILY=9070 /D CFG_RAM_SIZE=0x1000000 /D CFG_WATCHDOG_ENABLE /D CFG_WATCHDOG_TIMEOUT=10 /D CFG_WATCHDOG_REFRESH_INTERVAL=1 /D CFG_MEMDBG_ENABLE /D CFG_WT_SIZE=0 /D CFG_LCD_ENABLE /D CFG_LCD_WIDTH=320 /D CFG_LCD_HEIGHT=240 /D CFG_LCD_PITCH=640 /D CFG_LCD_BPP=2 /D CFG_LCD_TRIPLE_BUFFER /D CFG_BACKLIGHT_ENABLE /D CFG_BACKLIGHT_FREQ=1000 /D "CFG_BACKLIGHT_DUTY_CYCLES=95, 92, 88, 82, 75, 65, 55, 40, 25, 5" /D CFG_BACKLIGHT_DEFAULT_DUTY_CYCLE=5 /D CFG_BACKLIGHT_BOOTLODER_DELAY=83 /D CFG_CMDQ_ENABLE /D CFG_CMDQ_SIZE=0x40000 /D "CFG_FONT_FILENAME=\"wqyMicroHeiProportional.ttf\"" /D CFG_AUDIO_ENABLE /D AUDIO_PLUGIN_MESSAGE_QUEUE /D ENABLE_CODECS_PLUGIN /D CONFIG_ITADRIVER /D CFG_AUDIO_SAMPLING_RATE=8000 /D CFG_AEC_DELAY_MS=60 /D CFG_SPEAKER_GAIN=0 /D CFG_MIC_GAIN=0 /D CFG_NOISE_GATE_THRESHOLD=0.3 /D CFG_EQUALIZER_SPKGAIN_SET=NULL /D CFG_EQUALIZER_MICGAIN_SET=NULL /D CFG_BUILD_ITU /D CFG_SD0_ENABLE /D CFG_FS_FAT /D "CFG_PRIVATE_DRIVE=\"A\"" /D "CFG_PUBLIC_DRIVE=\"B\"" /D "CFG_TEMP_DRIVE=\"T\"" /D CFG_RTC_DEFAULT_TIMESTAMP=1325376000 /D CFG_I2C0_ENABLE /D CFG_HW_I2C_ENABLE /D CFG_SPI0_ENABLE /D CFG_SPI0_MOSI_GPIO= /D CFG_SPI0_MISO_GPIO= /D CFG_SPI0_CLOCK_GPIO= /D CFG_SPI0_CHIP_SEL_GPIO= /D CFG_I2S_ENABLE /D CFG_I2S_OUTPUT_PIN_ENABLE /D CFG_DAC_port_I2C0 /D CFG_SPI_ENABLE /D CFG_UART1_ENABLE /D CFG_UART1_BAUDRATE=115200 /D CFG_UART_INTR /D CFG_UART_BUF_SIZE=1024 /D CFG_TOUCH_ENABLE /D CFG_TOUCH_MODULE_COUNT=1 /D CFG_TOUCH_I2C0 /D CFG_TOUCH_CAPACITIVE /D CFG_TOUCH_X_MAX_VALUE=0xFF /D CFG_TOUCH_Y_MAX_VALUE=0xFF /D CFG_FFMPEG_H264_SW /D "CFG_GPIO_SD0_CARD_DETECT=-1" /D "CFG_GPIO_SD0_POWER_ENABLE=-1" /D "CFG_GPIO_SD0_WRITE_PROTECT=-1" /D CFG_GPIO_BACKLIGHT_PWM=4 /D CFG_GPIO_UART1_TX=25 /D CFG_GPIO_UART1_RX=14 /D CFG_GPIO_TOUCH_INT=44 /D CFG_GPIO_TOUCH_WAKE=45 /D "CFG_GPIO_TOUCH_RESET=-1" /D "CFG_GPIO_ETHERNET_LINK=-1" /D CFG_IIC0_GPIO_CONFIG_2=y /D "CFG_NET_ETHERNET_PHY_ADDR=-1" /D CFG_NET_ETHERNET_COUNT=1 /D CFG_DBG_PRINTBUF_SIZE=0 /D CFG_DBG_UART1 /D "CFG_UPGRADE_FILENAME=\"ITEPKG03.PKG\"" /D "CFG_UPGRADE_FILENAME_LIST=\"ITEPKG03.PKG\"" /D CFG_UPGRADE_ENC_KEY=0 /D CFG_BUILD_AUDIO_MGR /D CFG_NORMAL_BUFFER_MODE /D CFG_BUILD_DEBUG /D CFG_VERSION_MAJOR=2 /D CFG_VERSION_MINOR=2 /D CFG_VERSION_PATCH=8 /D CFG_VERSION_CUSTOM=0 /D CFG_VERSION_TWEAK= /D "CFG_VERSION_MAJOR_STR=\"2\"" /D "CFG_VERSION_MINOR_STR=\"2\"" /D "CFG_VERSION_PATCH_STR=\"8\"" /D "CFG_VERSION_CUSTOM_STR=\"0\"" /D "CFG_VERSION_TWEAK_STR=\"\"" /D "CFG_SYSTEM_NAME=\"ITE Display Control Board\"" /D "CFG_MANUFACTURER=\"www.ite.com.tw\"" /D "CFG_PROJECT_NAME=\"AF\"" /D _ALLOW_KEYWORD_MACROS /D _CRT_SECURE_NO_WARNINGS /D _POSIX_PRIORITY_SCHEDULING=1 /D _SCL_SECURE_NO_WARNINGS /D _USE_MATH_DEFINES /D CURL_STATICLIB /D EGLAPI= /D EGLAPIENTRY= /D LIBXML_STATIC /D NOMINMAX /D OPENVG_STATIC_LIBRARY /D ORTP_STATIC /D OSIP_MT /D PTW32_STATIC_LIB /D UPNP_STATIC_LIB /D _CRTDBG_MAP_ALLOC /D ENABLE_TRACE /D CFG_WIN32_SIMULATOR /D CFG_UG_ERR /D CFG_UG_WARN /D CFG_UG_INFO /D CFG_UG_BUF_SIZE=0x20000 /D "CMAKE_INTDIR=\"Debug\"" /D _USING_V110_SDK71_ /D _MBCS /Gm- /RTC1 /MTd /GS /fp:precise /Zc:wchar_t /Zc:forScope /Fo"upgrade.dir\Debug\\" /Fd"upgrade.dir\Debug\vc120.pdb" /Gd /TC /analyze- /errorReport:prompt D:\ITE_Castor3_SDK\sdk\share\upgrade\ug_filecrc.c D:\ITE_Castor3_SDK\sdk\share\upgrade\ug_device.c D:\ITE_Castor3_SDK\sdk\share\upgrade\ug_directory.c D:\ITE_Castor3_SDK\sdk\share\upgrade\ug_end.c D:\ITE_Castor3_SDK\sdk\share\upgrade\ug_file.c D:\ITE_Castor3_SDK\sdk\share\upgrade\ug_package.c D:\ITE_Castor3_SDK\sdk\share\upgrade\ug_partition.c D:\ITE_Castor3_SDK\sdk\share\upgrade\ug_rawdata.c D:\ITE_Castor3_SDK\sdk\share\upgrade\ug_reset.c D:\ITE_Castor3_SDK\sdk\share\upgrade\ug_unformatted.c D:\ITE_Castor3_SDK\sdk\share\upgrade\ug_crc.c
         ug_filecrc.c
         ug_device.c
         ug_directory.c
         ug_end.c
         ug_file.c
         ug_package.c
         ug_partition.c
         ug_rawdata.c
         ug_reset.c
         ug_unformatted.c
         ug_crc.c
       Lib:
         C:\Program Files\Microsoft Visual Studio 12.0\VC\bin\Lib.exe /OUT:"D:\ITE_Castor3_SDK\build\win32\AF\lib\Debug\upgrade.lib" /NOLOGO upgrade.dir\Debug\ug_filecrc.obj
         upgrade.dir\Debug\ug_device.obj
         upgrade.dir\Debug\ug_directory.obj
         upgrade.dir\Debug\ug_end.obj
         upgrade.dir\Debug\ug_file.obj
         upgrade.dir\Debug\ug_package.obj
         upgrade.dir\Debug\ug_partition.obj
         upgrade.dir\Debug\ug_rawdata.obj
         upgrade.dir\Debug\ug_reset.obj
         upgrade.dir\Debug\ug_unformatted.obj
         upgrade.dir\Debug\ug_crc.obj
         upgrade.vcxproj -> D:\ITE_Castor3_SDK\build\win32\AF\lib\Debug\upgrade.lib
     1>已完成生成项目“D:\ITE_Castor3_SDK\build\win32\AF\sdk\share\upgrade\upgrade.vcxproj”(Build 个目标)的操作。

生成成功。

已用时间 00:00:04.51
