生成启动时间为 2018/8/8 9:50:02。
     1>项目“D:\ITE_Castor3_SDK\build\win32\AF\sdk\share\tslib\tslib.vcxproj”在节点 4 上(Build 个目标)。
     1>CustomBuild:
         Building Custom Rule D:/ITE_Castor3_SDK/sdk/share/tslib/CMakeLists.txt
         CMake does not need to re-run because D:\ITE_Castor3_SDK\build\win32\AF\sdk\share\tslib\CMakeFiles\generate.stamp is up-to-date.
       ClCompile:
         C:\Program Files\Microsoft Visual Studio 12.0\VC\bin\CL.exe /c /ID:\ITE_Castor3_SDK\win32\include /ID:\ITE_Castor3_SDK\sdk\include /ID:\ITE_Castor3_SDK\build\win32\AF\win32\include /ID:\ITE_Castor3_SDK\sdk\share\tslib\. /ID:\ITE_Castor3_SDK\sdk\share\tslib\src /Zi /nologo /W3 /WX- /MP4 /Od /Ob0 /Oy- /D WIN32 /D _WINDOWS /D _DEBUG /D CFG_CHIP_PKG_IT9079 /D CFG_OSC_CLK=30000000 /D CFG_RTC_EXTCLK=30000000 /D CFG_CHIP_FAMILY=9070 /D CFG_RAM_SIZE=0x1000000 /D CFG_WATCHDOG_ENABLE /D CFG_WATCHDOG_TIMEOUT=10 /D CFG_WATCHDOG_REFRESH_INTERVAL=1 /D CFG_MEMDBG_ENABLE /D CFG_WT_SIZE=0 /D CFG_LCD_ENABLE /D CFG_LCD_WIDTH=320 /D CFG_LCD_HEIGHT=240 /D CFG_LCD_PITCH=640 /D CFG_LCD_BPP=2 /D CFG_LCD_TRIPLE_BUFFER /D CFG_BACKLIGHT_ENABLE /D CFG_BACKLIGHT_FREQ=1000 /D "CFG_BACKLIGHT_DUTY_CYCLES=95, 92, 88, 82, 75, 65, 55, 40, 25, 5" /D CFG_BACKLIGHT_DEFAULT_DUTY_CYCLE=5 /D CFG_BACKLIGHT_BOOTLODER_DELAY=83 /D CFG_CMDQ_ENABLE /D CFG_CMDQ_SIZE=0x40000 /D "CFG_FONT_FILENAME=\"wqyMicroHeiProportional.ttf\"" /D CFG_AUDIO_ENABLE /D AUDIO_PLUGIN_MESSAGE_QUEUE /D ENABLE_CODECS_PLUGIN /D CONFIG_ITADRIVER /D CFG_AUDIO_SAMPLING_RATE=8000 /D CFG_AEC_DELAY_MS=60 /D CFG_SPEAKER_GAIN=0 /D CFG_MIC_GAIN=0 /D CFG_NOISE_GATE_THRESHOLD=0.3 /D CFG_EQUALIZER_SPKGAIN_SET=NULL /D CFG_EQUALIZER_MICGAIN_SET=NULL /D CFG_BUILD_ITU /D CFG_SD0_ENABLE /D CFG_FS_FAT /D "CFG_PRIVATE_DRIVE=\"A\"" /D "CFG_PUBLIC_DRIVE=\"B\"" /D "CFG_TEMP_DRIVE=\"T\"" /D CFG_RTC_DEFAULT_TIMESTAMP=1325376000 /D CFG_I2C0_ENABLE /D CFG_HW_I2C_ENABLE /D CFG_SPI0_ENABLE /D CFG_SPI0_MOSI_GPIO= /D CFG_SPI0_MISO_GPIO= /D CFG_SPI0_CLOCK_GPIO= /D CFG_SPI0_CHIP_SEL_GPIO= /D CFG_I2S_ENABLE /D CFG_I2S_OUTPUT_PIN_ENABLE /D CFG_DAC_port_I2C0 /D CFG_SPI_ENABLE /D CFG_UART1_ENABLE /D CFG_UART1_BAUDRATE=115200 /D CFG_UART_INTR /D CFG_UART_BUF_SIZE=1024 /D CFG_TOUCH_ENABLE /D CFG_TOUCH_MODULE_COUNT=1 /D CFG_TOUCH_I2C0 /D CFG_TOUCH_CAPACITIVE /D CFG_TOUCH_X_MAX_VALUE=0xFF /D CFG_TOUCH_Y_MAX_VALUE=0xFF /D CFG_FFMPEG_H264_SW /D "CFG_GPIO_SD0_CARD_DETECT=-1" /D "CFG_GPIO_SD0_POWER_ENABLE=-1" /D "CFG_GPIO_SD0_WRITE_PROTECT=-1" /D CFG_GPIO_BACKLIGHT_PWM=4 /D CFG_GPIO_UART1_TX=25 /D CFG_GPIO_UART1_RX=14 /D CFG_GPIO_TOUCH_INT=44 /D CFG_GPIO_TOUCH_WAKE=45 /D "CFG_GPIO_TOUCH_RESET=-1" /D "CFG_GPIO_ETHERNET_LINK=-1" /D CFG_IIC0_GPIO_CONFIG_2=y /D "CFG_NET_ETHERNET_PHY_ADDR=-1" /D CFG_NET_ETHERNET_COUNT=1 /D CFG_DBG_PRINTBUF_SIZE=0 /D CFG_DBG_UART1 /D "CFG_UPGRADE_FILENAME=\"ITEPKG03.PKG\"" /D "CFG_UPGRADE_FILENAME_LIST=\"ITEPKG03.PKG\"" /D CFG_UPGRADE_ENC_KEY=0 /D CFG_BUILD_AUDIO_MGR /D CFG_NORMAL_BUFFER_MODE /D CFG_BUILD_DEBUG /D CFG_VERSION_MAJOR=2 /D CFG_VERSION_MINOR=2 /D CFG_VERSION_PATCH=8 /D CFG_VERSION_CUSTOM=0 /D CFG_VERSION_TWEAK= /D "CFG_VERSION_MAJOR_STR=\"2\"" /D "CFG_VERSION_MINOR_STR=\"2\"" /D "CFG_VERSION_PATCH_STR=\"8\"" /D "CFG_VERSION_CUSTOM_STR=\"0\"" /D "CFG_VERSION_TWEAK_STR=\"\"" /D "CFG_SYSTEM_NAME=\"ITE Display Control Board\"" /D "CFG_MANUFACTURER=\"www.ite.com.tw\"" /D "CFG_PROJECT_NAME=\"AF\"" /D _ALLOW_KEYWORD_MACROS /D _CRT_SECURE_NO_WARNINGS /D _POSIX_PRIORITY_SCHEDULING=1 /D _SCL_SECURE_NO_WARNINGS /D _USE_MATH_DEFINES /D CURL_STATICLIB /D EGLAPI= /D EGLAPIENTRY= /D LIBXML_STATIC /D NOMINMAX /D OPENVG_STATIC_LIBRARY /D ORTP_STATIC /D OSIP_MT /D PTW32_STATIC_LIB /D UPNP_STATIC_LIB /D _CRTDBG_MAP_ALLOC /D ENABLE_TRACE /D CFG_WIN32_SIMULATOR /D "TS_CONF=\"A:/ts.conf\"" /D "TS_POINTERCAL=\"B:/pointercal\"" /D "PLUGIN_DIR=\"A:\"" /D "TSLIB_STATIC_CASTOR3_MODULES= { \"zt2083\", zt2083_mod_init }," /D DEBUG /D "CMAKE_INTDIR=\"Debug\"" /D _USING_V110_SDK71_ /D _MBCS /Gm- /RTC1 /MTd /GS /fp:precise /Zc:wchar_t /Zc:forScope /Fo"tslib.dir\Debug\\" /Fd"tslib.dir\Debug\vc120.pdb" /Gd /TC /analyze- /errorReport:prompt D:\ITE_Castor3_SDK\sdk\share\tslib\src\ts_attach.c D:\ITE_Castor3_SDK\sdk\share\tslib\src\ts_close.c D:\ITE_Castor3_SDK\sdk\share\tslib\src\ts_config.c D:\ITE_Castor3_SDK\sdk\share\tslib\src\ts_error.c D:\ITE_Castor3_SDK\sdk\share\tslib\src\ts_fd.c D:\ITE_Castor3_SDK\sdk\share\tslib\src\ts_load_module.c D:\ITE_Castor3_SDK\sdk\share\tslib\src\ts_open.c D:\ITE_Castor3_SDK\sdk\share\tslib\src\ts_parse_vars.c D:\ITE_Castor3_SDK\sdk\share\tslib\src\ts_read.c D:\ITE_Castor3_SDK\sdk\share\tslib\src\ts_read_raw.c D:\ITE_Castor3_SDK\sdk\share\tslib\src\ts_option.c D:\ITE_Castor3_SDK\sdk\share\tslib\plugins\dejitter.c D:\ITE_Castor3_SDK\sdk\share\tslib\plugins\linear.c D:\ITE_Castor3_SDK\sdk\share\tslib\plugins\pthres.c D:\ITE_Castor3_SDK\sdk\share\tslib\plugins\variance.c "D:\ITE_Castor3_SDK\sdk\share\tslib\plugins\zt2083-raw.c"
         ts_attach.c
         ts_close.c
         ts_config.c
         ts_error.c
         ts_fd.c
         ts_load_module.c
     1>D:\ITE_Castor3_SDK\sdk\share\tslib\src\ts_config.c(74): warning C4996: 'stricmp': The POSIX name for this item is deprecated. Instead, use the ISO C++ conformant name: _stricmp. See online help for details.
                 C:/Program Files/Microsoft Visual Studio 12.0/VC/include/string.h(253) : 参见“stricmp”的声明
     1>D:\ITE_Castor3_SDK\sdk\share\tslib\src\ts_config.c(78): warning C4996: 'stricmp': The POSIX name for this item is deprecated. Instead, use the ISO C++ conformant name: _stricmp. See online help for details.
                 C:/Program Files/Microsoft Visual Studio 12.0/VC/include/string.h(253) : 参见“stricmp”的声明
         ts_open.c
         ts_parse_vars.c
     1>D:\ITE_Castor3_SDK\sdk\share\tslib\src\ts_parse_vars.c(48): warning C4996: 'stricmp': The POSIX name for this item is deprecated. Instead, use the ISO C++ conformant name: _stricmp. See online help for details.
                 C:/Program Files/Microsoft Visual Studio 12.0/VC/include/string.h(253) : 参见“stricmp”的声明
         ts_read.c
         ts_read_raw.c
         ts_option.c
         dejitter.c
         linear.c
         pthres.c
         variance.c
         zt2083-raw.c
     1>D:\ITE_Castor3_SDK\sdk\share\tslib\plugins\zt2083-raw.c(341): warning C4101: “I2cCmd”: 未引用的局部变量
     1>D:\ITE_Castor3_SDK\sdk\share\tslib\plugins\zt2083-raw.c(340): warning C4101: “evt”: 未引用的局部变量
     1>D:\ITE_Castor3_SDK\sdk\share\tslib\plugins\zt2083-raw.c(503): warning C4013: “_getTouchSample”未定义；假设外部返回 int
     1>D:\ITE_Castor3_SDK\sdk\share\tslib\plugins\zt2083-raw.c(610): warning C4101: “res”: 未引用的局部变量
     1>D:\ITE_Castor3_SDK\sdk\share\tslib\plugins\zt2083-raw.c(612): warning C4101: “attr”: 未引用的局部变量
     1>D:\ITE_Castor3_SDK\sdk\share\tslib\plugins\zt2083-raw.c(611): warning C4101: “task”: 未引用的局部变量
     1>D:\ITE_Castor3_SDK\sdk\share\tslib\plugins\zt2083-raw.c(851): warning C4101: “regValue”: 未引用的局部变量
       Lib:
         C:\Program Files\Microsoft Visual Studio 12.0\VC\bin\Lib.exe /OUT:"D:\ITE_Castor3_SDK\build\win32\AF\lib\Debug\tslib.lib" /NOLOGO tslib.dir\Debug\ts_attach.obj
         tslib.dir\Debug\ts_close.obj
         tslib.dir\Debug\ts_config.obj
         tslib.dir\Debug\ts_error.obj
         tslib.dir\Debug\ts_fd.obj
         tslib.dir\Debug\ts_load_module.obj
         tslib.dir\Debug\ts_open.obj
         tslib.dir\Debug\ts_parse_vars.obj
         tslib.dir\Debug\ts_read.obj
         tslib.dir\Debug\ts_read_raw.obj
         tslib.dir\Debug\ts_option.obj
         tslib.dir\Debug\dejitter.obj
         tslib.dir\Debug\linear.obj
         tslib.dir\Debug\pthres.obj
         tslib.dir\Debug\variance.obj
         "tslib.dir\Debug\zt2083-raw.obj"
         tslib.vcxproj -> D:\ITE_Castor3_SDK\build\win32\AF\lib\Debug\tslib.lib
     1>已完成生成项目“D:\ITE_Castor3_SDK\build\win32\AF\sdk\share\tslib\tslib.vcxproj”(Build 个目标)的操作。

生成成功。

已用时间 00:00:05.62
